<?xml version="1.0" encoding="UTF-8"?>
<testsuite xmlns:xsi="http://www.w3.org/2001/XMLSchema-instance" xsi:noNamespaceSchemaLocation="https://maven.apache.org/surefire/maven-failsafe-plugin/xsd/failsafe-test-report-3.0.xsd" version="3.0" name="testRunners.MyTestRunner" time="130.081" tests="4" errors="1" skipped="0" failures="0">
  <properties>
[...]
</properties>
  <testcase name="Borrowing estimate of home loans in Calculator and tools page" classname="Calculator and tools page in Home loans Page Feature" time="34.383">
    <system-out><![CDATA[
Scenario Outline: Borrowing estimate of home loans in Calculator and tools page # src/test/resources/features/personal.feature:17
browser value is chrome
  Given user is on Calculator and tools page of Home loans page                 # stepDefinitions.HomeLoanCalculatorSteps.user_is_on_calculator_and_tools_page_of_home_loans_page()
  When user select Application Type as Single and Number of dependants as zero  # stepDefinitions.HomeLoanCalculatorSteps.user_select_application_type_single_and_number_of_dependants()
  And choose the Property to buy as home to live in                             # stepDefinitions.HomeLoanCalculatorSteps.choose_the_property_to_buy_as_home_to_live_in()
  When users enters Your income "80000" and Your other income "10000"           # stepDefinitions.HomeLoanCalculatorSteps.users_enters_your_income_and_your_other_income(java.lang.String,java.lang.String)
  When users enters Living expenses "500" and Current home loan repayments "0"  # stepDefinitions.HomeLoanCalculatorSteps.users_enters_living_expenses_and_current_home_loan_repayments(java.lang.String,java.lang.String)
  And enters Other loan repayments "100" and Other commitments "0"              # stepDefinitions.HomeLoanCalculatorSteps.enters_other_loan_repayments_and_other_commitments(java.lang.String,java.lang.String)
  And enters Total credit card limits "10000"                                   # stepDefinitions.HomeLoanCalculatorSteps.enters_total_credit_card_limits(java.lang.String)
  When users click on Work out how much I could borrow option                   # stepDefinitions.HomeLoanCalculatorSteps.users_click_on_work_out_how_much_i_could_borrow_option()
  Then calculator should display the borrowing estimate "$507,000"              # stepDefinitions.HomeLoanCalculatorSteps.calculator_should_display_the_borrowing_estimate_$(java.lang.String)
]]></system-out>
    <system-err><![CDATA[SLF4J: Failed to load class "org.slf4j.impl.StaticLoggerBinder".
SLF4J: Defaulting to no-operation (NOP) logger implementation
SLF4J: See http://www.slf4j.org/codes.html#StaticLoggerBinder for further details.
Starting ChromeDriver 92.0.4515.107 (87a818b10553a07434ea9e2b6dccf3cbe7895134-refs/branch-heads/4515@{#1634}) on port 46015
Only local connections are allowed.
Please see https://chromedriver.chromium.org/security-considerations for suggestions on keeping ChromeDriver safe.
ChromeDriver was started successfully.
Aug 04, 2021 11:02:51 AM org.openqa.selenium.remote.ProtocolHandshake createSession
INFO: Detected dialect: W3C
]]></system-err>
  </testcase>
  <testcase name="Clear the Form by clicking Start over button" classname="Calculator and tools page in Home loans Page Feature" time="45.887">
    <system-out><![CDATA[
Scenario Outline: Clear the Form by clicking Start over button                 # src/test/resources/features/personal.feature:37
browser value is chrome
  Given user is on Calculator and tools page of Home loans page                # stepDefinitions.HomeLoanCalculatorSteps.user_is_on_calculator_and_tools_page_of_home_loans_page()
  When user select Application Type as Single and Number of dependants as zero # stepDefinitions.HomeLoanCalculatorSteps.user_select_application_type_single_and_number_of_dependants()
  And choose the Property to buy as home to live in                            # stepDefinitions.HomeLoanCalculatorSteps.choose_the_property_to_buy_as_home_to_live_in()
  When users enters Your income "80000" and Your other income "10000"          # stepDefinitions.HomeLoanCalculatorSteps.users_enters_your_income_and_your_other_income(java.lang.String,java.lang.String)
  When users enters Living expenses "500" and Current home loan repayments "0" # stepDefinitions.HomeLoanCalculatorSteps.users_enters_living_expenses_and_current_home_loan_repayments(java.lang.String,java.lang.String)
  And enters Other loan repayments "100" and Other commitments "0"             # stepDefinitions.HomeLoanCalculatorSteps.enters_other_loan_repayments_and_other_commitments(java.lang.String,java.lang.String)
  And enters Total credit card limits "10000"                                  # stepDefinitions.HomeLoanCalculatorSteps.enters_total_credit_card_limits(java.lang.String)
  When users click on Work out how much I could borrow option                  # stepDefinitions.HomeLoanCalculatorSteps.users_click_on_work_out_how_much_i_could_borrow_option()
  And click on Start over button                                               # stepDefinitions.HomeLoanCalculatorSteps.user_click_on_start_over_button()
Your Income: 0
Your Other Income: 0
Living expenses: 0
Current home loan repayments: 0
Other loan repayments: 0
Other commitments: 0
Total credit card limits: 0
  Then Form should be clear                                                    # stepDefinitions.HomeLoanCalculatorSteps.form_should_be_clear()
]]></system-out>
    <system-err><![CDATA[Starting ChromeDriver 92.0.4515.107 (87a818b10553a07434ea9e2b6dccf3cbe7895134-refs/branch-heads/4515@{#1634}) on port 40539
Only local connections are allowed.
Please see https://chromedriver.chromium.org/security-considerations for suggestions on keeping ChromeDriver safe.
ChromeDriver was started successfully.
Aug 04, 2021 11:03:24 AM org.openqa.selenium.remote.ProtocolHandshake createSession
INFO: Detected dialect: W3C
]]></system-err>
  </testcase>
  <testcase name="Borrowing estimate of home loans when $1 for Living expenses and leaving all other fields as zero" classname="Calculator and tools page in Home loans Page Feature" time="47.703">
    <system-out><![CDATA[
Scenario Outline: Borrowing estimate of home loans when $1 for Living expenses and leaving all other fields as zero                                                                                            # src/test/resources/features/personal.feature:55
browser value is chrome
  Given user is on Calculator and tools page of Home loans page                                                                                                                                                # stepDefinitions.HomeLoanCalculatorSteps.user_is_on_calculator_and_tools_page_of_home_loans_page()
  When user select Application Type as Single and Number of dependants as zero                                                                                                                                 # stepDefinitions.HomeLoanCalculatorSteps.user_select_application_type_single_and_number_of_dependants()
  And choose the Property to buy as home to live in                                                                                                                                                            # stepDefinitions.HomeLoanCalculatorSteps.choose_the_property_to_buy_as_home_to_live_in()
  When users enters Your income "0" and Your other income "0"                                                                                                                                                  # stepDefinitions.HomeLoanCalculatorSteps.users_enters_your_income_and_your_other_income(java.lang.String,java.lang.String)
  When users enters Living expenses "1" and Current home loan repayments "0"                                                                                                                                   # stepDefinitions.HomeLoanCalculatorSteps.users_enters_living_expenses_and_current_home_loan_repayments(java.lang.String,java.lang.String)
  And enters Other loan repayments "0" and Other commitments "0"                                                                                                                                               # stepDefinitions.HomeLoanCalculatorSteps.enters_other_loan_repayments_and_other_commitments(java.lang.String,java.lang.String)
  And enters Total credit card limits "0"                                                                                                                                                                      # stepDefinitions.HomeLoanCalculatorSteps.enters_total_credit_card_limits(java.lang.String)
  When users clicks on Work out how much I could borrow option                                                                                                                                                 # stepDefinitions.HomeLoanCalculatorSteps.users_clicks_on_work_out_how_much_i_could_borrow_option()
  Then calculator should display the message "Based on the details you've entered, we're unable to give you an estimate of your borrowing power with this calculator. For questions, call us on 1800 100 641." # stepDefinitions.HomeLoanCalculatorSteps.calculator_should_display_the_message(java.lang.String)
]]></system-out>
    <system-err><![CDATA[Starting ChromeDriver 92.0.4515.107 (87a818b10553a07434ea9e2b6dccf3cbe7895134-refs/branch-heads/4515@{#1634}) on port 16901
Only local connections are allowed.
Please see https://chromedriver.chromium.org/security-considerations for suggestions on keeping ChromeDriver safe.
ChromeDriver was started successfully.
Aug 04, 2021 11:04:10 AM org.openqa.selenium.remote.ProtocolHandshake createSession
INFO: Detected dialect: W3C
]]></system-err>
  </testcase>
  <testcase name="" classname="testRunners.MyTestRunner" time="48.425">
    <error message="javax.net.ssl.SSLHandshakeException: PKIX path building failed: sun.security.provider.certpath.SunCertPathBuilderException: unable to find valid certification path to requested target" type="java.lang.RuntimeException"><![CDATA[java.lang.RuntimeException: javax.net.ssl.SSLHandshakeException: PKIX path building failed: sun.security.provider.certpath.SunCertPathBuilderException: unable to find valid certification path to requested target
Caused by: javax.net.ssl.SSLHandshakeException: PKIX path building failed: sun.security.provider.certpath.SunCertPathBuilderException: unable to find valid certification path to requested target
Caused by: javax.net.ssl.SSLHandshakeException: PKIX path building failed: sun.security.provider.certpath.SunCertPathBuilderException: unable to find valid certification path to requested target
Caused by: sun.security.validator.ValidatorException: PKIX path building failed: sun.security.provider.certpath.SunCertPathBuilderException: unable to find valid certification path to requested target
Caused by: sun.security.provider.certpath.SunCertPathBuilderException: unable to find valid certification path to requested target
]]></error>
  </testcase>
</testsuite>